C:\Program Files\MSBuild\Microsoft.Cpp\v4.0\V140\Microsoft.CppBuild.targets(392,5): warning MSB8028: The intermediate directory (Debug\) contains files shared from another project (vs2015proj.vcxproj).  This can lead to incorrect clean and rebuild behavior.
  main.cpp
c:\users\anh\desktop\dg - game project\cookie-game-master\src\main.cpp(38): warning C4244: 'argument': conversion from 'int' to 'float', possible loss of data
c:\users\anh\desktop\dg - game project\cookie-game-master\src\main.cpp(53): warning C4244: 'argument': conversion from 'int' to 'float', possible loss of data
c:\users\anh\desktop\dg - game project\cookie-game-master\src\main.cpp(72): warning C4244: 'argument': conversion from 'double' to 'float', possible loss of data
c:\users\anh\desktop\dg - game project\cookie-game-master\src\main.cpp(73): warning C4244: 'argument': conversion from 'double' to 'float', possible loss of data
c:\users\anh\desktop\dg - game project\cookie-game-master\src\main.cpp(78): warning C4018: '<': signed/unsigned mismatch
c:\users\anh\desktop\dg - game project\cookie-game-master\src\main.cpp(82): warning C4018: '<': signed/unsigned mismatch
c:\users\anh\desktop\dg - game project\cookie-game-master\src\main.cpp(84): warning C4018: '<': signed/unsigned mismatch
c:\users\anh\desktop\dg - game project\cookie-game-master\src\main.cpp(88): warning C4244: 'argument': conversion from 'int' to 'float', possible loss of data
c:\users\anh\desktop\dg - game project\cookie-game-master\src\main.cpp(99): warning C4244: 'argument': conversion from 'int' to 'float', possible loss of data
c:\users\anh\desktop\dg - game project\cookie-game-master\src\main.cpp(150): warning C4244: 'argument': conversion from 'time_t' to 'unsigned int', possible loss of data
c:\users\anh\desktop\dg - game project\cookie-game-master\src\main.cpp(163): warning C4244: 'argument': conversion from 'const int' to 'float', possible loss of data
c:\users\anh\desktop\dg - game project\cookie-game-master\src\main.cpp(189): warning C4244: 'argument': conversion from 'int' to 'float', possible loss of data
c:\users\anh\desktop\dg - game project\cookie-game-master\src\main.cpp(201): warning C4244: 'argument': conversion from 'int' to 'float', possible loss of data
c:\users\anh\desktop\dg - game project\cookie-game-master\src\main.cpp(213): warning C4305: 'argument': truncation from 'double' to 'float'
c:\users\anh\desktop\dg - game project\cookie-game-master\src\main.cpp(219): warning C4305: 'argument': truncation from 'double' to 'float'
c:\users\anh\desktop\dg - game project\cookie-game-master\src\main.cpp(225): warning C4305: 'argument': truncation from 'double' to 'float'
c:\users\anh\desktop\dg - game project\cookie-game-master\src\main.cpp(233): warning C4305: 'argument': truncation from 'double' to 'float'
c:\users\anh\desktop\dg - game project\cookie-game-master\src\main.cpp(251): warning C4244: 'argument': conversion from 'int' to 'float', possible loss of data
c:\users\anh\desktop\dg - game project\cookie-game-master\src\main.cpp(337): warning C4244: 'argument': conversion from 'int' to 'float', possible loss of data
  HowTo.cpp
  Generating Code...
  vs2015proj (start here).vcxproj -> C:\Users\Anh\Desktop\DG - Game project\Cookie-game-master\projects\vs2015proj\Debug\vs2015proj (start here).exe
